{"text": "2019-12-11 10:36:33.471 | DEBUG    | __main__:<module>:54 - this is a debug message\n", "record": {"elapsed": {"repr": "0:00:00.023095", "seconds": 0.023095}, "exception": null, "extra": {}, "file": {"name": "demo.py", "path": "/Users/yuanjie/Desktop/Projects/Python/tql-App/iapp/log/demo.py"}, "function": "<module>", "level": {"icon": "\ud83d\udc1e", "name": "DEBUG", "no": 10}, "line": 54, "message": "this is a debug message", "module": "demo", "name": "__main__", "process": {"id": 96950, "name": "MainProcess"}, "thread": {"id": 140735002959296, "name": "MainThread"}, "time": {"repr": "2019-12-11 10:36:33.471051+08:00", "timestamp": 1576031793.471051}}}
2019-12-11 10:36:33.471 | DEBUG    | __main__:<module>:54 - this is a debug message
{"text": "2019-12-11 10:36:33.472 | ERROR    | __main__:<module>:57 - An error has been caught in function '<module>', process 'MainProcess' (96950), thread 'MainThread' (140735002959296):\nTraceback (most recent call last):\n\n> File \"/Users/yuanjie/Desktop/Projects/Python/tql-App/iapp/log/demo.py\", line 57, in <module>\n    my_function()\n    \u2514 <function my_function at 0x115e479d8>\n\nTypeError: my_function() missing 3 required positional arguments: 'x', 'y', and 'z'\n", "record": {"elapsed": {"repr": "0:00:00.024615", "seconds": 0.024615}, "exception": {"type": "TypeError", "value": "my_function() missing 3 required positional arguments: 'x', 'y', and 'z'", "traceback": true}, "extra": {}, "file": {"name": "demo.py", "path": "/Users/yuanjie/Desktop/Projects/Python/tql-App/iapp/log/demo.py"}, "function": "<module>", "level": {"icon": "\u274c", "name": "ERROR", "no": 40}, "line": 57, "message": "An error has been caught in function '<module>', process 'MainProcess' (96950), thread 'MainThread' (140735002959296):", "module": "demo", "name": "__main__", "process": {"id": 96950, "name": "MainProcess"}, "thread": {"id": 140735002959296, "name": "MainThread"}, "time": {"repr": "2019-12-11 10:36:33.472571+08:00", "timestamp": 1576031793.472571}}}
2019-12-11 10:36:33.472 | ERROR    | __main__:<module>:57 - An error has been caught in function '<module>', process 'MainProcess' (96950), thread 'MainThread' (140735002959296):
Traceback (most recent call last):

> File "/Users/yuanjie/Desktop/Projects/Python/tql-App/iapp/log/demo.py", line 57, in <module>
    my_function()
    â”” <function my_function at 0x115e479d8>

TypeError: my_function() missing 3 required positional arguments: 'x', 'y', and 'z'
